10:30:32:249  INFO 4632 --- [main] com.hmall.HMallApplication               : Starting HMallApplication using Java 17.0.9 on DESKTOP-NQ6K77I with PID 4632 (C:\ideaworkspace\hmall\hm-service\target\classes started by yxm in C:\ideaworkspace\hmall)
10:30:32:260 DEBUG 4632 --- [main] com.hmall.HMallApplication               : Running with Spring Boot v2.7.12, Spring v5.3.27
10:30:32:260  INFO 4632 --- [main] com.hmall.HMallApplication               : The following 1 profile is active: "local"
10:30:33:182  INFO 4632 --- [main] .s.d.r.c.RepositoryConfigurationDelegate : Multiple Spring Data modules found, entering strict repository configuration mode
10:30:33:185  INFO 4632 --- [main] .s.d.r.c.RepositoryConfigurationDelegate : Bootstrapping Spring Data Redis repositories in DEFAULT mode.
10:30:33:215  INFO 4632 --- [main] .s.d.r.c.RepositoryConfigurationDelegate : Finished Spring Data repository scanning in 16 ms. Found 0 Redis repository interfaces.
10:30:33:887  INFO 4632 --- [main] o.s.b.w.embedded.tomcat.TomcatWebServer  : Tomcat initialized with port(s): 8080 (http)
10:30:33:896  INFO 4632 --- [main] o.apache.catalina.core.StandardService   : Starting service [Tomcat]
10:30:33:896  INFO 4632 --- [main] org.apache.catalina.core.StandardEngine  : Starting Servlet engine: [Apache Tomcat/9.0.75]
10:30:34:030  INFO 4632 --- [main] o.a.c.c.C.[Tomcat].[localhost].[/]       : Initializing Spring embedded WebApplicationContext
10:30:34:030  INFO 4632 --- [main] w.s.c.ServletWebServerApplicationContext : Root WebApplicationContext: initialization completed in 1714 ms
10:30:35:587  INFO 4632 --- [main] pertySourcedRequestMappingHandlerMapping : Mapped URL path [/v2/api-docs] onto method [springfox.documentation.swagger2.web.Swagger2ControllerWebMvc#getDocumentation(String, HttpServletRequest)]
10:30:36:091  INFO 4632 --- [main] o.s.b.w.embedded.tomcat.TomcatWebServer  : Tomcat started on port(s): 8080 (http) with context path ''
10:30:36:092  INFO 4632 --- [main] d.s.w.p.DocumentationPluginsBootstrapper : Documentation plugins bootstrapped
10:30:36:095  INFO 4632 --- [main] d.s.w.p.DocumentationPluginsBootstrapper : Found 1 custom documentation plugin(s)
10:30:36:143  INFO 4632 --- [main] s.d.s.w.s.ApiListingReferenceScanner     : Scanning for api listing references
10:30:36:377  INFO 4632 --- [main] com.hmall.HMallApplication               : Started HMallApplication in 4.559 seconds (JVM running for 8.946)
10:31:44:981  INFO 4360 --- [main] com.hmall.HMallApplication               : Starting HMallApplication using Java 17.0.9 on DESKTOP-NQ6K77I with PID 4360 (C:\ideaworkspace\hmall\hm-service\target\classes started by yxm in C:\ideaworkspace\hmall)
10:31:44:983 DEBUG 4360 --- [main] com.hmall.HMallApplication               : Running with Spring Boot v2.7.12, Spring v5.3.27
10:31:44:983  INFO 4360 --- [main] com.hmall.HMallApplication               : The following 1 profile is active: "local"
10:31:45:945  INFO 4360 --- [main] .s.d.r.c.RepositoryConfigurationDelegate : Multiple Spring Data modules found, entering strict repository configuration mode
10:31:45:948  INFO 4360 --- [main] .s.d.r.c.RepositoryConfigurationDelegate : Bootstrapping Spring Data Redis repositories in DEFAULT mode.
10:31:45:984  INFO 4360 --- [main] .s.d.r.c.RepositoryConfigurationDelegate : Finished Spring Data repository scanning in 18 ms. Found 0 Redis repository interfaces.
10:31:46:634  INFO 4360 --- [main] o.s.b.w.embedded.tomcat.TomcatWebServer  : Tomcat initialized with port(s): 8080 (http)
10:31:46:644  INFO 4360 --- [main] o.apache.catalina.core.StandardService   : Starting service [Tomcat]
10:31:46:644  INFO 4360 --- [main] org.apache.catalina.core.StandardEngine  : Starting Servlet engine: [Apache Tomcat/9.0.75]
10:31:46:799  INFO 4360 --- [main] o.a.c.c.C.[Tomcat].[localhost].[/]       : Initializing Spring embedded WebApplicationContext
10:31:46:799  INFO 4360 --- [main] w.s.c.ServletWebServerApplicationContext : Root WebApplicationContext: initialization completed in 1756 ms
10:31:48:283  INFO 4360 --- [main] pertySourcedRequestMappingHandlerMapping : Mapped URL path [/v2/api-docs] onto method [springfox.documentation.swagger2.web.Swagger2ControllerWebMvc#getDocumentation(String, HttpServletRequest)]
10:31:48:672  INFO 4360 --- [main] o.s.b.w.embedded.tomcat.TomcatWebServer  : Tomcat started on port(s): 8080 (http) with context path ''
10:31:48:674  INFO 4360 --- [main] d.s.w.p.DocumentationPluginsBootstrapper : Documentation plugins bootstrapped
10:31:48:676  INFO 4360 --- [main] d.s.w.p.DocumentationPluginsBootstrapper : Found 1 custom documentation plugin(s)
10:31:48:716  INFO 4360 --- [main] s.d.s.w.s.ApiListingReferenceScanner     : Scanning for api listing references
10:31:48:913  INFO 4360 --- [main] com.hmall.HMallApplication               : Started HMallApplication in 4.461 seconds (JVM running for 5.183)
